INFO: 17/03/24 22:41:46         pid:22211 module:_internal  * Running on http://127.0.0.1:3000/ (Press CTRL+C to quit)
INFO: 17/03/24 22:41:46         pid:22211 module:_internal  * Restarting with watchdog (fsevents)
WARNING: 17/03/24 22:41:46         pid:22214 module:_internal  * Debugger is active!
INFO: 17/03/24 22:41:46         pid:22214 module:_internal  * Debugger PIN: 127-166-891
INFO: 17/03/24 22:52:16         pid:22214 module:_internal 127.0.0.1 - - [17/Mar/2024 22:52:16] "GET / HTTP/1.1" 200 -
INFO: 17/03/24 22:52:16         pid:22214 module:_internal 127.0.0.1 - - [17/Mar/2024 22:52:16] "[33mGET /images/BoschCar.jpg HTTP/1.1[0m" 404 -
DEBUG: 17/03/24 23:04:39         pid:22214 module:fsevents NativeEvent(path="/Users/eswarpriya/gitprojects/chatbot/app/main.py", inode=31725040, flags=10400, id=53798812): is_file, is_inode_meta_mod
DEBUG: 17/03/24 23:04:39         pid:22214 module:fsevents queue_event <FileModifiedEvent: event_type=modified, src_path='/Users/eswarpriya/gitprojects/chatbot/app/main.py', is_directory=False>
INFO: 17/03/24 23:04:39         pid:22214 module:_internal  * Detected change in '/Users/eswarpriya/gitprojects/chatbot/app/main.py', reloading
DEBUG: 17/03/24 23:04:39         pid:22214 module:fsevents NativeEvent(path="/Users/eswarpriya/gitprojects/chatbot/app/main.py", inode=31725040, flags=11400, id=53798815): is_file, is_inode_meta_mod, is_modified
DEBUG: 17/03/24 23:04:39         pid:22214 module:fsevents queue_event <FileModifiedEvent: event_type=modified, src_path='/Users/eswarpriya/gitprojects/chatbot/app/main.py', is_directory=False>
INFO: 17/03/24 23:04:39         pid:22214 module:_internal  * Detected change in '/Users/eswarpriya/gitprojects/chatbot/app/main.py', reloading
DEBUG: 17/03/24 23:04:39         pid:22214 module:fsevents NativeEvent(path="/Users/eswarpriya/gitprojects/chatbot/app/main.py", inode=31725040, flags=11400, id=53798818): is_file, is_inode_meta_mod, is_modified
DEBUG: 17/03/24 23:04:39         pid:22214 module:fsevents queue_event <FileModifiedEvent: event_type=modified, src_path='/Users/eswarpriya/gitprojects/chatbot/app/main.py', is_directory=False>
INFO: 17/03/24 23:04:39         pid:22214 module:_internal  * Detected change in '/Users/eswarpriya/gitprojects/chatbot/app/main.py', reloading
DEBUG: 17/03/24 23:04:39         pid:22214 module:fsevents NativeEvent(path="/Users/eswarpriya/gitprojects/chatbot/app/main.py", inode=31725040, flags=11400, id=53798821): is_file, is_inode_meta_mod, is_modified
DEBUG: 17/03/24 23:04:39         pid:22214 module:fsevents queue_event <FileModifiedEvent: event_type=modified, src_path='/Users/eswarpriya/gitprojects/chatbot/app/main.py', is_directory=False>
INFO: 17/03/24 23:04:39         pid:22214 module:_internal  * Detected change in '/Users/eswarpriya/gitprojects/chatbot/app/main.py', reloading
INFO: 17/03/24 23:04:40         pid:22211 module:_internal  * Restarting with watchdog (fsevents)
WARNING: 17/03/24 23:04:40         pid:22485 module:_internal  * Debugger is active!
INFO: 17/03/24 23:04:40         pid:22485 module:_internal  * Debugger PIN: 127-166-891
INFO: 17/03/24 23:05:47         pid:22573 module:_internal  * Running on http://127.0.0.1:3000/ (Press CTRL+C to quit)
INFO: 17/03/24 23:05:47         pid:22573 module:_internal  * Restarting with watchdog (fsevents)
WARNING: 17/03/24 23:05:47         pid:22576 module:_internal  * Debugger is active!
INFO: 17/03/24 23:05:47         pid:22576 module:_internal  * Debugger PIN: 127-166-891
INFO: 17/03/24 23:09:47         pid:22576 module:_internal 127.0.0.1 - - [17/Mar/2024 23:09:47] "GET / HTTP/1.1" 200 -
INFO: 17/03/24 23:09:50         pid:22576 module:_internal 127.0.0.1 - - [17/Mar/2024 23:09:50] "GET / HTTP/1.1" 200 -
INFO: 17/03/24 23:09:53         pid:22576 module:_internal 127.0.0.1 - - [17/Mar/2024 23:09:53] "GET / HTTP/1.1" 200 -
INFO: 17/03/24 23:11:35         pid:22576 module:_internal 127.0.0.1 - - [17/Mar/2024 23:11:35] "GET / HTTP/1.1" 200 -
INFO: 17/03/24 23:11:38         pid:22576 module:_internal 127.0.0.1 - - [17/Mar/2024 23:11:38] "GET / HTTP/1.1" 200 -
INFO: 17/03/24 23:12:24         pid:22576 module:_internal 127.0.0.1 - - [17/Mar/2024 23:12:24] "GET / HTTP/1.1" 200 -
INFO: 17/03/24 23:12:25         pid:22576 module:_internal 127.0.0.1 - - [17/Mar/2024 23:12:25] "GET / HTTP/1.1" 200 -
INFO: 17/03/24 23:12:26         pid:22576 module:_internal 127.0.0.1 - - [17/Mar/2024 23:12:26] "GET / HTTP/1.1" 200 -
INFO: 17/03/24 23:20:39         pid:22576 module:_internal 127.0.0.1 - - [17/Mar/2024 23:20:39] "GET / HTTP/1.1" 200 -
INFO: 17/03/24 23:20:40         pid:22576 module:_internal 127.0.0.1 - - [17/Mar/2024 23:20:40] "GET / HTTP/1.1" 200 -
INFO: 17/03/24 23:20:41         pid:22576 module:_internal 127.0.0.1 - - [17/Mar/2024 23:20:41] "GET / HTTP/1.1" 200 -
INFO: 17/03/24 23:21:17         pid:22924 module:_internal  * Running on http://127.0.0.1:3000/ (Press CTRL+C to quit)
INFO: 17/03/24 23:21:17         pid:22924 module:_internal  * Restarting with watchdog (fsevents)
WARNING: 17/03/24 23:21:17         pid:22927 module:_internal  * Debugger is active!
INFO: 17/03/24 23:21:17         pid:22927 module:_internal  * Debugger PIN: 127-166-891
INFO: 17/03/24 23:21:21         pid:22927 module:_internal 127.0.0.1 - - [17/Mar/2024 23:21:21] "GET / HTTP/1.1" 200 -
INFO: 17/03/24 23:21:42         pid:22927 module:_internal 127.0.0.1 - - [17/Mar/2024 23:21:42] "GET / HTTP/1.1" 200 -
INFO: 17/03/24 23:21:52         pid:23010 module:_internal  * Running on http://127.0.0.1:3000/ (Press CTRL+C to quit)
INFO: 17/03/24 23:21:52         pid:23010 module:_internal  * Restarting with watchdog (fsevents)
WARNING: 17/03/24 23:21:52         pid:23013 module:_internal  * Debugger is active!
INFO: 17/03/24 23:21:52         pid:23013 module:_internal  * Debugger PIN: 127-166-891
INFO: 17/03/24 23:21:56         pid:23013 module:_internal 127.0.0.1 - - [17/Mar/2024 23:21:56] "GET / HTTP/1.1" 200 -
INFO: 17/03/24 23:21:57         pid:23013 module:_internal 127.0.0.1 - - [17/Mar/2024 23:21:57] "GET / HTTP/1.1" 200 -
INFO: 17/03/24 23:24:38         pid:23013 module:_internal 127.0.0.1 - - [17/Mar/2024 23:24:38] "GET / HTTP/1.1" 200 -
INFO: 17/03/24 23:24:39         pid:23013 module:_internal 127.0.0.1 - - [17/Mar/2024 23:24:39] "GET / HTTP/1.1" 200 -
DEBUG: 17/03/24 23:30:25         pid:23013 module:fsevents NativeEvent(path="/Users/eswarpriya/gitprojects/chatbot/app/main.py", inode=31725040, flags=10400, id=53849058): is_file, is_inode_meta_mod
DEBUG: 17/03/24 23:30:25         pid:23013 module:fsevents queue_event <FileModifiedEvent: event_type=modified, src_path='/Users/eswarpriya/gitprojects/chatbot/app/main.py', is_directory=False>
INFO: 17/03/24 23:30:25         pid:23013 module:_internal  * Detected change in '/Users/eswarpriya/gitprojects/chatbot/app/main.py', reloading
DEBUG: 17/03/24 23:30:25         pid:23013 module:fsevents NativeEvent(path="/Users/eswarpriya/gitprojects/chatbot/app/main.py", inode=31725040, flags=11400, id=53849061): is_file, is_inode_meta_mod, is_modified
DEBUG: 17/03/24 23:30:25         pid:23013 module:fsevents queue_event <FileModifiedEvent: event_type=modified, src_path='/Users/eswarpriya/gitprojects/chatbot/app/main.py', is_directory=False>
INFO: 17/03/24 23:30:25         pid:23013 module:_internal  * Detected change in '/Users/eswarpriya/gitprojects/chatbot/app/main.py', reloading
DEBUG: 17/03/24 23:30:26         pid:23013 module:fsevents NativeEvent(path="/Users/eswarpriya/gitprojects/chatbot/app/main.py", inode=31725040, flags=11400, id=53849094): is_file, is_inode_meta_mod, is_modified
DEBUG: 17/03/24 23:30:26         pid:23013 module:fsevents queue_event <FileModifiedEvent: event_type=modified, src_path='/Users/eswarpriya/gitprojects/chatbot/app/main.py', is_directory=False>
INFO: 17/03/24 23:30:26         pid:23013 module:_internal  * Detected change in '/Users/eswarpriya/gitprojects/chatbot/app/main.py', reloading
DEBUG: 17/03/24 23:30:26         pid:23013 module:fsevents NativeEvent(path="/Users/eswarpriya/gitprojects/chatbot/app/main.py", inode=31725040, flags=11400, id=53849097): is_file, is_inode_meta_mod, is_modified
DEBUG: 17/03/24 23:30:26         pid:23013 module:fsevents queue_event <FileModifiedEvent: event_type=modified, src_path='/Users/eswarpriya/gitprojects/chatbot/app/main.py', is_directory=False>
INFO: 17/03/24 23:30:26         pid:23013 module:_internal  * Detected change in '/Users/eswarpriya/gitprojects/chatbot/app/main.py', reloading
INFO: 17/03/24 23:30:27         pid:23010 module:_internal  * Restarting with watchdog (fsevents)
WARNING: 18/03/24 00:28:16         pid:23634 module:_internal  * Running on all addresses.
   WARNING: This is a development server. Do not use it in a production deployment.
INFO: 18/03/24 00:28:16         pid:23634 module:_internal  * Running on http://192.168.1.12:3000/ (Press CTRL+C to quit)
INFO: 18/03/24 00:28:16         pid:23634 module:_internal  * Restarting with watchdog (fsevents)
WARNING: 18/03/24 00:28:16         pid:23637 module:_internal  * Debugger is active!
INFO: 18/03/24 00:28:16         pid:23637 module:_internal  * Debugger PIN: 127-166-891
DEBUG: 18/03/24 00:28:27         pid:23637 module:fsevents NativeEvent(path="/Users/eswarpriya/gitprojects/chatbot/app/main.py", inode=31725040, flags=11400, id=54995787): is_file, is_inode_meta_mod, is_modified
DEBUG: 18/03/24 00:28:27         pid:23637 module:fsevents queue_event <FileModifiedEvent: event_type=modified, src_path='/Users/eswarpriya/gitprojects/chatbot/app/main.py', is_directory=False>
INFO: 18/03/24 00:28:27         pid:23637 module:_internal  * Detected change in '/Users/eswarpriya/gitprojects/chatbot/app/main.py', reloading
DEBUG: 18/03/24 00:28:27         pid:23637 module:fsevents NativeEvent(path="/Users/eswarpriya/gitprojects/chatbot/app/main.py", inode=31725040, flags=11400, id=54995790): is_file, is_inode_meta_mod, is_modified
DEBUG: 18/03/24 00:28:27         pid:23637 module:fsevents queue_event <FileModifiedEvent: event_type=modified, src_path='/Users/eswarpriya/gitprojects/chatbot/app/main.py', is_directory=False>
INFO: 18/03/24 00:28:27         pid:23637 module:_internal  * Detected change in '/Users/eswarpriya/gitprojects/chatbot/app/main.py', reloading
INFO: 18/03/24 00:28:28         pid:23634 module:_internal  * Restarting with watchdog (fsevents)
INFO: 18/03/24 00:28:35         pid:23634 module:_internal  * Restarting with watchdog (fsevents)
INFO: 18/03/24 00:31:39         pid:23634 module:_internal  * Restarting with watchdog (fsevents)
WARNING: 18/03/24 00:33:05         pid:23734 module:_internal  * Debugger is active!
INFO: 18/03/24 00:33:05         pid:23734 module:_internal  * Debugger PIN: 127-166-891
INFO: 18/03/24 00:33:12         pid:23734 module:_internal 127.0.0.1 - - [18/Mar/2024 00:33:12] "[35m[1mGET / HTTP/1.1[0m" 500 -
INFO: 18/03/24 00:33:12         pid:23734 module:_internal 127.0.0.1 - - [18/Mar/2024 00:33:12] "GET /?__debugger__=yes&cmd=resource&f=style.css HTTP/1.1" 200 -
INFO: 18/03/24 00:33:12         pid:23734 module:_internal 127.0.0.1 - - [18/Mar/2024 00:33:12] "GET /?__debugger__=yes&cmd=resource&f=debugger.js HTTP/1.1" 200 -
INFO: 18/03/24 00:33:12         pid:23734 module:_internal 127.0.0.1 - - [18/Mar/2024 00:33:12] "GET /?__debugger__=yes&cmd=resource&f=console.png HTTP/1.1" 200 -
INFO: 18/03/24 00:33:12         pid:23734 module:_internal 127.0.0.1 - - [18/Mar/2024 00:33:12] "GET /?__debugger__=yes&cmd=resource&f=ubuntu.ttf HTTP/1.1" 200 -
INFO: 18/03/24 00:33:12         pid:23734 module:_internal 127.0.0.1 - - [18/Mar/2024 00:33:12] "GET /?__debugger__=yes&cmd=resource&f=console.png HTTP/1.1" 200 -
DEBUG: 18/03/24 00:33:22         pid:23734 module:fsevents NativeEvent(path="/Users/eswarpriya/gitprojects/chatbot/app/main.py", inode=31725040, flags=10400, id=55000215): is_file, is_inode_meta_mod
DEBUG: 18/03/24 00:33:22         pid:23734 module:fsevents queue_event <FileModifiedEvent: event_type=modified, src_path='/Users/eswarpriya/gitprojects/chatbot/app/main.py', is_directory=False>
INFO: 18/03/24 00:33:22         pid:23734 module:_internal  * Detected change in '/Users/eswarpriya/gitprojects/chatbot/app/main.py', reloading
DEBUG: 18/03/24 00:33:22         pid:23734 module:fsevents NativeEvent(path="/Users/eswarpriya/gitprojects/chatbot/app/main.py", inode=31725040, flags=11400, id=55000218): is_file, is_inode_meta_mod, is_modified
DEBUG: 18/03/24 00:33:22         pid:23734 module:fsevents queue_event <FileModifiedEvent: event_type=modified, src_path='/Users/eswarpriya/gitprojects/chatbot/app/main.py', is_directory=False>
INFO: 18/03/24 00:33:22         pid:23734 module:_internal  * Detected change in '/Users/eswarpriya/gitprojects/chatbot/app/main.py', reloading
WARNING: 18/03/24 00:33:23         pid:23745 module:_internal  * Debugger is active!
INFO: 18/03/24 00:33:23         pid:23745 module:_internal  * Debugger PIN: 127-166-891
DEBUG: 18/03/24 00:33:26         pid:23745 module:fsevents NativeEvent(path="/Users/eswarpriya/gitprojects/chatbot/app/main.py", inode=31725040, flags=11400, id=55000300): is_file, is_inode_meta_mod, is_modified
DEBUG: 18/03/24 00:33:26         pid:23745 module:fsevents queue_event <FileModifiedEvent: event_type=modified, src_path='/Users/eswarpriya/gitprojects/chatbot/app/main.py', is_directory=False>
INFO: 18/03/24 00:33:26         pid:23745 module:_internal  * Detected change in '/Users/eswarpriya/gitprojects/chatbot/app/main.py', reloading
DEBUG: 18/03/24 00:33:26         pid:23745 module:fsevents NativeEvent(path="/Users/eswarpriya/gitprojects/chatbot/app/main.py", inode=31725040, flags=11400, id=55000303): is_file, is_inode_meta_mod, is_modified
DEBUG: 18/03/24 00:33:26         pid:23745 module:fsevents queue_event <FileModifiedEvent: event_type=modified, src_path='/Users/eswarpriya/gitprojects/chatbot/app/main.py', is_directory=False>
INFO: 18/03/24 00:33:26         pid:23745 module:_internal  * Detected change in '/Users/eswarpriya/gitprojects/chatbot/app/main.py', reloading
WARNING: 18/03/24 00:33:27         pid:23752 module:_internal  * Debugger is active!
INFO: 18/03/24 00:33:27         pid:23752 module:_internal  * Debugger PIN: 127-166-891
INFO: 18/03/24 00:33:32         pid:23752 module:_internal 127.0.0.1 - - [18/Mar/2024 00:33:32] "GET / HTTP/1.1" 200 -
DEBUG: 18/03/24 00:33:59         pid:23752 module:fsevents NativeEvent(path="/Users/eswarpriya/gitprojects/chatbot/app/templates/index.html", inode=31729539, flags=10400, id=55000632): is_file, is_inode_meta_mod
DEBUG: 18/03/24 00:33:59         pid:23752 module:fsevents queue_event <FileModifiedEvent: event_type=modified, src_path='/Users/eswarpriya/gitprojects/chatbot/app/templates/index.html', is_directory=False>
DEBUG: 18/03/24 00:33:59         pid:23752 module:fsevents NativeEvent(path="/Users/eswarpriya/gitprojects/chatbot/app/templates/index.html", inode=31729539, flags=11400, id=55000635): is_file, is_inode_meta_mod, is_modified
DEBUG: 18/03/24 00:33:59         pid:23752 module:fsevents queue_event <FileModifiedEvent: event_type=modified, src_path='/Users/eswarpriya/gitprojects/chatbot/app/templates/index.html', is_directory=False>
DEBUG: 18/03/24 00:34:02         pid:23752 module:fsevents NativeEvent(path="/Users/eswarpriya/gitprojects/chatbot/app/main.py", inode=31725040, flags=10400, id=55000686): is_file, is_inode_meta_mod
DEBUG: 18/03/24 00:34:02         pid:23752 module:fsevents queue_event <FileModifiedEvent: event_type=modified, src_path='/Users/eswarpriya/gitprojects/chatbot/app/main.py', is_directory=False>
INFO: 18/03/24 00:34:02         pid:23752 module:_internal  * Detected change in '/Users/eswarpriya/gitprojects/chatbot/app/main.py', reloading
DEBUG: 18/03/24 00:34:02         pid:23752 module:fsevents NativeEvent(path="/Users/eswarpriya/gitprojects/chatbot/app/main.py", inode=31725040, flags=11400, id=55000689): is_file, is_inode_meta_mod, is_modified
DEBUG: 18/03/24 00:34:02         pid:23752 module:fsevents queue_event <FileModifiedEvent: event_type=modified, src_path='/Users/eswarpriya/gitprojects/chatbot/app/main.py', is_directory=False>
INFO: 18/03/24 00:34:02         pid:23752 module:_internal  * Detected change in '/Users/eswarpriya/gitprojects/chatbot/app/main.py', reloading
WARNING: 18/03/24 00:34:03         pid:23762 module:_internal  * Debugger is active!
INFO: 18/03/24 00:34:03         pid:23762 module:_internal  * Debugger PIN: 127-166-891
DEBUG: 18/03/24 00:34:03         pid:23762 module:fsevents NativeEvent(path="/Users/eswarpriya/gitprojects/chatbot/app/main.py", inode=31725040, flags=11400, id=55000715): is_file, is_inode_meta_mod, is_modified
DEBUG: 18/03/24 00:34:03         pid:23762 module:fsevents queue_event <FileModifiedEvent: event_type=modified, src_path='/Users/eswarpriya/gitprojects/chatbot/app/main.py', is_directory=False>
INFO: 18/03/24 00:34:03         pid:23762 module:_internal  * Detected change in '/Users/eswarpriya/gitprojects/chatbot/app/main.py', reloading
DEBUG: 18/03/24 00:34:03         pid:23762 module:fsevents NativeEvent(path="/Users/eswarpriya/gitprojects/chatbot/app/main.py", inode=31725040, flags=11400, id=55000718): is_file, is_inode_meta_mod, is_modified
DEBUG: 18/03/24 00:34:03         pid:23762 module:fsevents queue_event <FileModifiedEvent: event_type=modified, src_path='/Users/eswarpriya/gitprojects/chatbot/app/main.py', is_directory=False>
INFO: 18/03/24 00:34:03         pid:23762 module:_internal  * Detected change in '/Users/eswarpriya/gitprojects/chatbot/app/main.py', reloading
WARNING: 18/03/24 00:34:05         pid:23768 module:_internal  * Debugger is active!
INFO: 18/03/24 00:34:05         pid:23768 module:_internal  * Debugger PIN: 127-166-891
INFO: 18/03/24 00:34:08         pid:23768 module:_internal 127.0.0.1 - - [18/Mar/2024 00:34:08] "GET / HTTP/1.1" 200 -
INFO: 18/03/24 00:34:59         pid:23768 module:_internal 127.0.0.1 - - [18/Mar/2024 00:34:59] "[32mGET //static//images//JZL02953.JPG HTTP/1.1[0m" 308 -
INFO: 18/03/24 00:34:59         pid:23768 module:_internal 127.0.0.1 - - [18/Mar/2024 00:34:59] "[33mGET /static/images//JZL02953.JPG HTTP/1.1[0m" 404 -
INFO: 18/03/24 00:35:25         pid:23768 module:_internal 127.0.0.1 - - [18/Mar/2024 00:35:25] "[33mGET /static/images/JZL02953.JPG HTTP/1.1[0m" 404 -
INFO: 18/03/24 00:37:59         pid:23768 module:_internal 127.0.0.1 - - [18/Mar/2024 00:37:59] "[33mGET /app/static/images/JZL02953.JPG HTTP/1.1[0m" 404 -
INFO: 18/03/24 00:38:13         pid:23768 module:_internal 127.0.0.1 - - [18/Mar/2024 00:38:13] "[33mGET /chatbot/app/static/images/JZL02953.JPG HTTP/1.1[0m" 404 -
INFO: 18/03/24 00:40:32         pid:23768 module:_internal 127.0.0.1 - - [18/Mar/2024 00:40:32] "GET / HTTP/1.1" 200 -
DEBUG: 18/03/24 00:41:26         pid:23768 module:fsevents NativeEvent(path="/Users/eswarpriya/gitprojects/chatbot/app/templates/index.html", inode=31729539, flags=10400, id=55009462): is_file, is_inode_meta_mod
DEBUG: 18/03/24 00:41:26         pid:23768 module:fsevents queue_event <FileModifiedEvent: event_type=modified, src_path='/Users/eswarpriya/gitprojects/chatbot/app/templates/index.html', is_directory=False>
DEBUG: 18/03/24 00:41:26         pid:23768 module:fsevents NativeEvent(path="/Users/eswarpriya/gitprojects/chatbot/app/templates/index.html", inode=31729539, flags=11400, id=55009465): is_file, is_inode_meta_mod, is_modified
DEBUG: 18/03/24 00:41:26         pid:23768 module:fsevents queue_event <FileModifiedEvent: event_type=modified, src_path='/Users/eswarpriya/gitprojects/chatbot/app/templates/index.html', is_directory=False>
DEBUG: 18/03/24 00:41:27         pid:23768 module:fsevents NativeEvent(path="/Users/eswarpriya/gitprojects/chatbot/app/templates/index.html", inode=31729539, flags=11400, id=55009487): is_file, is_inode_meta_mod, is_modified
DEBUG: 18/03/24 00:41:27         pid:23768 module:fsevents queue_event <FileModifiedEvent: event_type=modified, src_path='/Users/eswarpriya/gitprojects/chatbot/app/templates/index.html', is_directory=False>
DEBUG: 18/03/24 00:41:27         pid:23768 module:fsevents NativeEvent(path="/Users/eswarpriya/gitprojects/chatbot/app/templates/index.html", inode=31729539, flags=11400, id=55009490): is_file, is_inode_meta_mod, is_modified
DEBUG: 18/03/24 00:41:27         pid:23768 module:fsevents queue_event <FileModifiedEvent: event_type=modified, src_path='/Users/eswarpriya/gitprojects/chatbot/app/templates/index.html', is_directory=False>
DEBUG: 18/03/24 00:41:27         pid:23768 module:fsevents NativeEvent(path="/Users/eswarpriya/gitprojects/chatbot/app/templates/index.html", inode=31729539, flags=11400, id=55009493): is_file, is_inode_meta_mod, is_modified
DEBUG: 18/03/24 00:41:27         pid:23768 module:fsevents queue_event <FileModifiedEvent: event_type=modified, src_path='/Users/eswarpriya/gitprojects/chatbot/app/templates/index.html', is_directory=False>
DEBUG: 18/03/24 00:41:27         pid:23768 module:fsevents NativeEvent(path="/Users/eswarpriya/gitprojects/chatbot/app/templates/index.html", inode=31729539, flags=11400, id=55009496): is_file, is_inode_meta_mod, is_modified
DEBUG: 18/03/24 00:41:27         pid:23768 module:fsevents queue_event <FileModifiedEvent: event_type=modified, src_path='/Users/eswarpriya/gitprojects/chatbot/app/templates/index.html', is_directory=False>
DEBUG: 18/03/24 00:41:27         pid:23768 module:fsevents NativeEvent(path="/Users/eswarpriya/gitprojects/chatbot/app/templates/index.html", inode=31729539, flags=11400, id=55009499): is_file, is_inode_meta_mod, is_modified
DEBUG: 18/03/24 00:41:28         pid:23768 module:fsevents queue_event <FileModifiedEvent: event_type=modified, src_path='/Users/eswarpriya/gitprojects/chatbot/app/templates/index.html', is_directory=False>
DEBUG: 18/03/24 00:41:28         pid:23768 module:fsevents NativeEvent(path="/Users/eswarpriya/gitprojects/chatbot/app/templates/index.html", inode=31729539, flags=11400, id=55009502): is_file, is_inode_meta_mod, is_modified
DEBUG: 18/03/24 00:41:28         pid:23768 module:fsevents queue_event <FileModifiedEvent: event_type=modified, src_path='/Users/eswarpriya/gitprojects/chatbot/app/templates/index.html', is_directory=False>
DEBUG: 18/03/24 00:41:45         pid:23768 module:fsevents NativeEvent(path="/Users/eswarpriya/gitprojects/chatbot/app/main.py", inode=31725040, flags=10400, id=55009839): is_file, is_inode_meta_mod
DEBUG: 18/03/24 00:41:45         pid:23768 module:fsevents queue_event <FileModifiedEvent: event_type=modified, src_path='/Users/eswarpriya/gitprojects/chatbot/app/main.py', is_directory=False>
INFO: 18/03/24 00:41:45         pid:23768 module:_internal  * Detected change in '/Users/eswarpriya/gitprojects/chatbot/app/main.py', reloading
DEBUG: 18/03/24 00:41:45         pid:23768 module:fsevents NativeEvent(path="/Users/eswarpriya/gitprojects/chatbot/app/main.py", inode=31725040, flags=11400, id=55009842): is_file, is_inode_meta_mod, is_modified
DEBUG: 18/03/24 00:41:45         pid:23768 module:fsevents queue_event <FileModifiedEvent: event_type=modified, src_path='/Users/eswarpriya/gitprojects/chatbot/app/main.py', is_directory=False>
INFO: 18/03/24 00:41:45         pid:23768 module:_internal  * Detected change in '/Users/eswarpriya/gitprojects/chatbot/app/main.py', reloading
WARNING: 18/03/24 00:41:47         pid:23816 module:_internal  * Debugger is active!
INFO: 18/03/24 00:41:47         pid:23816 module:_internal  * Debugger PIN: 127-166-891
DEBUG: 18/03/24 00:41:47         pid:23816 module:fsevents NativeEvent(path="/Users/eswarpriya/gitprojects/chatbot/app/main.py", inode=31725040, flags=11400, id=55009859): is_file, is_inode_meta_mod, is_modified
DEBUG: 18/03/24 00:41:47         pid:23816 module:fsevents queue_event <FileModifiedEvent: event_type=modified, src_path='/Users/eswarpriya/gitprojects/chatbot/app/main.py', is_directory=False>
INFO: 18/03/24 00:41:47         pid:23816 module:_internal  * Detected change in '/Users/eswarpriya/gitprojects/chatbot/app/main.py', reloading
DEBUG: 18/03/24 00:41:47         pid:23816 module:fsevents NativeEvent(path="/Users/eswarpriya/gitprojects/chatbot/app/main.py", inode=31725040, flags=11400, id=55009862): is_file, is_inode_meta_mod, is_modified
DEBUG: 18/03/24 00:41:47         pid:23816 module:fsevents queue_event <FileModifiedEvent: event_type=modified, src_path='/Users/eswarpriya/gitprojects/chatbot/app/main.py', is_directory=False>
INFO: 18/03/24 00:41:47         pid:23816 module:_internal  * Detected change in '/Users/eswarpriya/gitprojects/chatbot/app/main.py', reloading
WARNING: 18/03/24 00:41:49         pid:23823 module:_internal  * Debugger is active!
INFO: 18/03/24 00:41:49         pid:23823 module:_internal  * Debugger PIN: 127-166-891
INFO: 18/03/24 00:41:53         pid:23823 module:_internal 127.0.0.1 - - [18/Mar/2024 00:41:53] "GET / HTTP/1.1" 200 -
DEBUG: 18/03/24 00:43:22         pid:23823 module:fsevents NativeEvent(path="/Users/eswarpriya/gitprojects/chatbot/app/templates/index.html", inode=31729539, flags=10400, id=55011234): is_file, is_inode_meta_mod
DEBUG: 18/03/24 00:43:22         pid:23823 module:fsevents queue_event <FileModifiedEvent: event_type=modified, src_path='/Users/eswarpriya/gitprojects/chatbot/app/templates/index.html', is_directory=False>
DEBUG: 18/03/24 00:43:22         pid:23823 module:fsevents NativeEvent(path="/Users/eswarpriya/gitprojects/chatbot/app/templates/index.html", inode=31729539, flags=11400, id=55011237): is_file, is_inode_meta_mod, is_modified
DEBUG: 18/03/24 00:43:22         pid:23823 module:fsevents queue_event <FileModifiedEvent: event_type=modified, src_path='/Users/eswarpriya/gitprojects/chatbot/app/templates/index.html', is_directory=False>
DEBUG: 18/03/24 00:43:22         pid:23823 module:fsevents NativeEvent(path="/Users/eswarpriya/gitprojects/chatbot/app/templates/index.html", inode=31729539, flags=11400, id=55011259): is_file, is_inode_meta_mod, is_modified
DEBUG: 18/03/24 00:43:22         pid:23823 module:fsevents queue_event <FileModifiedEvent: event_type=modified, src_path='/Users/eswarpriya/gitprojects/chatbot/app/templates/index.html', is_directory=False>
DEBUG: 18/03/24 00:43:22         pid:23823 module:fsevents NativeEvent(path="/Users/eswarpriya/gitprojects/chatbot/app/templates/index.html", inode=31729539, flags=11400, id=55011262): is_file, is_inode_meta_mod, is_modified
DEBUG: 18/03/24 00:43:22         pid:23823 module:fsevents queue_event <FileModifiedEvent: event_type=modified, src_path='/Users/eswarpriya/gitprojects/chatbot/app/templates/index.html', is_directory=False>
DEBUG: 18/03/24 00:43:22         pid:23823 module:fsevents NativeEvent(path="/Users/eswarpriya/gitprojects/chatbot/app/templates/index.html", inode=31729539, flags=11400, id=55011265): is_file, is_inode_meta_mod, is_modified
DEBUG: 18/03/24 00:43:22         pid:23823 module:fsevents queue_event <FileModifiedEvent: event_type=modified, src_path='/Users/eswarpriya/gitprojects/chatbot/app/templates/index.html', is_directory=False>
DEBUG: 18/03/24 00:43:22         pid:23823 module:fsevents NativeEvent(path="/Users/eswarpriya/gitprojects/chatbot/app/templates/index.html", inode=31729539, flags=11400, id=55011268): is_file, is_inode_meta_mod, is_modified
DEBUG: 18/03/24 00:43:22         pid:23823 module:fsevents queue_event <FileModifiedEvent: event_type=modified, src_path='/Users/eswarpriya/gitprojects/chatbot/app/templates/index.html', is_directory=False>
DEBUG: 18/03/24 00:43:22         pid:23823 module:fsevents NativeEvent(path="/Users/eswarpriya/gitprojects/chatbot/app/templates/index.html", inode=31729539, flags=11400, id=55011271): is_file, is_inode_meta_mod, is_modified
DEBUG: 18/03/24 00:43:22         pid:23823 module:fsevents queue_event <FileModifiedEvent: event_type=modified, src_path='/Users/eswarpriya/gitprojects/chatbot/app/templates/index.html', is_directory=False>
DEBUG: 18/03/24 00:43:22         pid:23823 module:fsevents NativeEvent(path="/Users/eswarpriya/gitprojects/chatbot/app/templates/index.html", inode=31729539, flags=11400, id=55011274): is_file, is_inode_meta_mod, is_modified
DEBUG: 18/03/24 00:43:22         pid:23823 module:fsevents queue_event <FileModifiedEvent: event_type=modified, src_path='/Users/eswarpriya/gitprojects/chatbot/app/templates/index.html', is_directory=False>
WARNING: 18/03/24 00:44:04         pid:23947 module:_internal  * Running on all addresses.
   WARNING: This is a development server. Do not use it in a production deployment.
INFO: 18/03/24 00:44:04         pid:23947 module:_internal  * Running on http://192.168.1.12:3000/ (Press CTRL+C to quit)
INFO: 18/03/24 00:44:04         pid:23947 module:_internal  * Restarting with watchdog (fsevents)
WARNING: 18/03/24 00:44:04         pid:23950 module:_internal  * Debugger is active!
INFO: 18/03/24 00:44:04         pid:23950 module:_internal  * Debugger PIN: 127-166-891
INFO: 18/03/24 00:44:14         pid:23950 module:_internal 127.0.0.1 - - [18/Mar/2024 00:44:14] "GET / HTTP/1.1" 200 -
INFO: 18/03/24 00:44:18         pid:23950 module:_internal 127.0.0.1 - - [18/Mar/2024 00:44:18] "GET / HTTP/1.1" 200 -
DEBUG: 18/03/24 00:46:10         pid:23950 module:fsevents NativeEvent(path="/Users/eswarpriya/gitprojects/chatbot/app/templates/index.html", inode=31729539, flags=10400, id=55026501): is_file, is_inode_meta_mod
DEBUG: 18/03/24 00:46:10         pid:23950 module:fsevents queue_event <FileModifiedEvent: event_type=modified, src_path='/Users/eswarpriya/gitprojects/chatbot/app/templates/index.html', is_directory=False>
DEBUG: 18/03/24 00:46:10         pid:23950 module:fsevents NativeEvent(path="/Users/eswarpriya/gitprojects/chatbot/app/templates/index.html", inode=31729539, flags=11400, id=55026504): is_file, is_inode_meta_mod, is_modified
DEBUG: 18/03/24 00:46:10         pid:23950 module:fsevents queue_event <FileModifiedEvent: event_type=modified, src_path='/Users/eswarpriya/gitprojects/chatbot/app/templates/index.html', is_directory=False>
DEBUG: 18/03/24 00:48:35         pid:23950 module:fsevents NativeEvent(path="/Users/eswarpriya/gitprojects/chatbot/app/templates/index.html", inode=31729539, flags=10400, id=55036465): is_file, is_inode_meta_mod
DEBUG: 18/03/24 00:48:35         pid:23950 module:fsevents queue_event <FileModifiedEvent: event_type=modified, src_path='/Users/eswarpriya/gitprojects/chatbot/app/templates/index.html', is_directory=False>
DEBUG: 18/03/24 00:48:35         pid:23950 module:fsevents NativeEvent(path="/Users/eswarpriya/gitprojects/chatbot/app/templates/index.html", inode=31729539, flags=11400, id=55036468): is_file, is_inode_meta_mod, is_modified
DEBUG: 18/03/24 00:48:35         pid:23950 module:fsevents queue_event <FileModifiedEvent: event_type=modified, src_path='/Users/eswarpriya/gitprojects/chatbot/app/templates/index.html', is_directory=False>
DEBUG: 18/03/24 00:48:51         pid:23950 module:fsevents NativeEvent(path="/Users/eswarpriya/gitprojects/chatbot/app/main.py", inode=31725040, flags=10400, id=55036589): is_file, is_inode_meta_mod
DEBUG: 18/03/24 00:48:51         pid:23950 module:fsevents queue_event <FileModifiedEvent: event_type=modified, src_path='/Users/eswarpriya/gitprojects/chatbot/app/main.py', is_directory=False>
INFO: 18/03/24 00:48:51         pid:23950 module:_internal  * Detected change in '/Users/eswarpriya/gitprojects/chatbot/app/main.py', reloading
DEBUG: 18/03/24 00:48:51         pid:23950 module:fsevents NativeEvent(path="/Users/eswarpriya/gitprojects/chatbot/app/main.py", inode=31725040, flags=11400, id=55036592): is_file, is_inode_meta_mod, is_modified
DEBUG: 18/03/24 00:48:51         pid:23950 module:fsevents queue_event <FileModifiedEvent: event_type=modified, src_path='/Users/eswarpriya/gitprojects/chatbot/app/main.py', is_directory=False>
INFO: 18/03/24 00:48:51         pid:23950 module:_internal  * Detected change in '/Users/eswarpriya/gitprojects/chatbot/app/main.py', reloading
DEBUG: 18/03/24 00:48:51         pid:23950 module:fsevents NativeEvent(path="/Users/eswarpriya/gitprojects/chatbot/app/main.py", inode=31725040, flags=11400, id=55036614): is_file, is_inode_meta_mod, is_modified
DEBUG: 18/03/24 00:48:51         pid:23950 module:fsevents queue_event <FileModifiedEvent: event_type=modified, src_path='/Users/eswarpriya/gitprojects/chatbot/app/main.py', is_directory=False>
INFO: 18/03/24 00:48:51         pid:23950 module:_internal  * Detected change in '/Users/eswarpriya/gitprojects/chatbot/app/main.py', reloading
DEBUG: 18/03/24 00:48:51         pid:23950 module:fsevents NativeEvent(path="/Users/eswarpriya/gitprojects/chatbot/app/main.py", inode=31725040, flags=11400, id=55036617): is_file, is_inode_meta_mod, is_modified
DEBUG: 18/03/24 00:48:51         pid:23950 module:fsevents queue_event <FileModifiedEvent: event_type=modified, src_path='/Users/eswarpriya/gitprojects/chatbot/app/main.py', is_directory=False>
INFO: 18/03/24 00:48:51         pid:23950 module:_internal  * Detected change in '/Users/eswarpriya/gitprojects/chatbot/app/main.py', reloading
DEBUG: 18/03/24 00:48:52         pid:23950 module:fsevents NativeEvent(path="/Users/eswarpriya/gitprojects/chatbot/app/main.py", inode=31725040, flags=11400, id=55036631): is_file, is_inode_meta_mod, is_modified
DEBUG: 18/03/24 00:48:52         pid:23950 module:fsevents queue_event <FileModifiedEvent: event_type=modified, src_path='/Users/eswarpriya/gitprojects/chatbot/app/main.py', is_directory=False>
INFO: 18/03/24 00:48:52         pid:23950 module:_internal  * Detected change in '/Users/eswarpriya/gitprojects/chatbot/app/main.py', reloading
DEBUG: 18/03/24 00:48:52         pid:23950 module:fsevents NativeEvent(path="/Users/eswarpriya/gitprojects/chatbot/app/main.py", inode=31725040, flags=11400, id=55036634): is_file, is_inode_meta_mod, is_modified
DEBUG: 18/03/24 00:48:52         pid:23950 module:fsevents queue_event <FileModifiedEvent: event_type=modified, src_path='/Users/eswarpriya/gitprojects/chatbot/app/main.py', is_directory=False>
INFO: 18/03/24 00:48:52         pid:23950 module:_internal  * Detected change in '/Users/eswarpriya/gitprojects/chatbot/app/main.py', reloading
INFO: 18/03/24 00:48:53         pid:23947 module:_internal  * Restarting with watchdog (fsevents)
WARNING: 18/03/24 00:48:53         pid:24060 module:_internal  * Debugger is active!
INFO: 18/03/24 00:48:53         pid:24060 module:_internal  * Debugger PIN: 127-166-891
WARNING: 18/03/24 00:49:17         pid:24156 module:_internal  * Running on all addresses.
   WARNING: This is a development server. Do not use it in a production deployment.
INFO: 18/03/24 00:49:17         pid:24156 module:_internal  * Running on http://192.168.1.12:3000/ (Press CTRL+C to quit)
INFO: 18/03/24 00:49:17         pid:24156 module:_internal  * Restarting with watchdog (fsevents)
WARNING: 18/03/24 00:49:17         pid:24159 module:_internal  * Debugger is active!
INFO: 18/03/24 00:49:17         pid:24159 module:_internal  * Debugger PIN: 127-166-891
INFO: 18/03/24 00:49:25         pid:24159 module:_internal 127.0.0.1 - - [18/Mar/2024 00:49:25] "[33mGET /chatbot/app/static/images/JZL02953.JPG HTTP/1.1[0m" 404 -
INFO: 18/03/24 00:49:30         pid:24159 module:_internal 127.0.0.1 - - [18/Mar/2024 00:49:30] "GET / HTTP/1.1" 200 -
DEBUG: 18/03/24 00:49:40         pid:24159 module:fsevents NativeEvent(path="/Users/eswarpriya/gitprojects/chatbot/app/templates/index.html", inode=31729539, flags=10400, id=55037096): is_file, is_inode_meta_mod
DEBUG: 18/03/24 00:49:40         pid:24159 module:fsevents queue_event <FileModifiedEvent: event_type=modified, src_path='/Users/eswarpriya/gitprojects/chatbot/app/templates/index.html', is_directory=False>
DEBUG: 18/03/24 00:49:40         pid:24159 module:fsevents NativeEvent(path="/Users/eswarpriya/gitprojects/chatbot/app/templates/index.html", inode=31729539, flags=11400, id=55037099): is_file, is_inode_meta_mod, is_modified
DEBUG: 18/03/24 00:49:40         pid:24159 module:fsevents queue_event <FileModifiedEvent: event_type=modified, src_path='/Users/eswarpriya/gitprojects/chatbot/app/templates/index.html', is_directory=False>
DEBUG: 18/03/24 00:49:40         pid:24159 module:fsevents NativeEvent(path="/Users/eswarpriya/gitprojects/chatbot/app/templates/index.html", inode=31729539, flags=11400, id=55037102): is_file, is_inode_meta_mod, is_modified
DEBUG: 18/03/24 00:49:40         pid:24159 module:fsevents queue_event <FileModifiedEvent: event_type=modified, src_path='/Users/eswarpriya/gitprojects/chatbot/app/templates/index.html', is_directory=False>
DEBUG: 18/03/24 00:49:40         pid:24159 module:fsevents NativeEvent(path="/Users/eswarpriya/gitprojects/chatbot/app/templates/index.html", inode=31729539, flags=11400, id=55037105): is_file, is_inode_meta_mod, is_modified
DEBUG: 18/03/24 00:49:40         pid:24159 module:fsevents queue_event <FileModifiedEvent: event_type=modified, src_path='/Users/eswarpriya/gitprojects/chatbot/app/templates/index.html', is_directory=False>
DEBUG: 18/03/24 00:49:40         pid:24159 module:fsevents NativeEvent(path="/Users/eswarpriya/gitprojects/chatbot/app/templates/index.html", inode=31729539, flags=11400, id=55037108): is_file, is_inode_meta_mod, is_modified
DEBUG: 18/03/24 00:49:40         pid:24159 module:fsevents queue_event <FileModifiedEvent: event_type=modified, src_path='/Users/eswarpriya/gitprojects/chatbot/app/templates/index.html', is_directory=False>
DEBUG: 18/03/24 00:49:40         pid:24159 module:fsevents NativeEvent(path="/Users/eswarpriya/gitprojects/chatbot/app/templates/index.html", inode=31729539, flags=11400, id=55037111): is_file, is_inode_meta_mod, is_modified
DEBUG: 18/03/24 00:49:40         pid:24159 module:fsevents queue_event <FileModifiedEvent: event_type=modified, src_path='/Users/eswarpriya/gitprojects/chatbot/app/templates/index.html', is_directory=False>
DEBUG: 18/03/24 00:49:40         pid:24159 module:fsevents NativeEvent(path="/Users/eswarpriya/gitprojects/chatbot/app/templates/index.html", inode=31729539, flags=11400, id=55037114): is_file, is_inode_meta_mod, is_modified
DEBUG: 18/03/24 00:49:40         pid:24159 module:fsevents queue_event <FileModifiedEvent: event_type=modified, src_path='/Users/eswarpriya/gitprojects/chatbot/app/templates/index.html', is_directory=False>
DEBUG: 18/03/24 00:49:40         pid:24159 module:fsevents NativeEvent(path="/Users/eswarpriya/gitprojects/chatbot/app/templates/index.html", inode=31729539, flags=11400, id=55037117): is_file, is_inode_meta_mod, is_modified
DEBUG: 18/03/24 00:49:40         pid:24159 module:fsevents queue_event <FileModifiedEvent: event_type=modified, src_path='/Users/eswarpriya/gitprojects/chatbot/app/templates/index.html', is_directory=False>
DEBUG: 18/03/24 00:49:41         pid:24159 module:fsevents NativeEvent(path="/Users/eswarpriya/gitprojects/chatbot/app/templates/index.html", inode=31729539, flags=11400, id=55037123): is_file, is_inode_meta_mod, is_modified
DEBUG: 18/03/24 00:49:41         pid:24159 module:fsevents queue_event <FileModifiedEvent: event_type=modified, src_path='/Users/eswarpriya/gitprojects/chatbot/app/templates/index.html', is_directory=False>
DEBUG: 18/03/24 00:49:41         pid:24159 module:fsevents NativeEvent(path="/Users/eswarpriya/gitprojects/chatbot/app/templates/index.html", inode=31729539, flags=11400, id=55037126): is_file, is_inode_meta_mod, is_modified
DEBUG: 18/03/24 00:49:41         pid:24159 module:fsevents queue_event <FileModifiedEvent: event_type=modified, src_path='/Users/eswarpriya/gitprojects/chatbot/app/templates/index.html', is_directory=False>
INFO: 18/03/24 00:50:08         pid:24159 module:_internal 127.0.0.1 - - [18/Mar/2024 00:50:08] "GET / HTTP/1.1" 200 -
DEBUG: 18/03/24 00:50:50         pid:24159 module:fsevents NativeEvent(path="/Users/eswarpriya/gitprojects/chatbot/app/templates/index.html", inode=31729539, flags=10400, id=55037987): is_file, is_inode_meta_mod
DEBUG: 18/03/24 00:50:50         pid:24159 module:fsevents queue_event <FileModifiedEvent: event_type=modified, src_path='/Users/eswarpriya/gitprojects/chatbot/app/templates/index.html', is_directory=False>
DEBUG: 18/03/24 00:50:50         pid:24159 module:fsevents NativeEvent(path="/Users/eswarpriya/gitprojects/chatbot/app/templates/index.html", inode=31729539, flags=11400, id=55037990): is_file, is_inode_meta_mod, is_modified
DEBUG: 18/03/24 00:50:50         pid:24159 module:fsevents queue_event <FileModifiedEvent: event_type=modified, src_path='/Users/eswarpriya/gitprojects/chatbot/app/templates/index.html', is_directory=False>
DEBUG: 18/03/24 00:50:52         pid:24159 module:fsevents NativeEvent(path="/Users/eswarpriya/gitprojects/chatbot/app/templates/index.html", inode=31729539, flags=11400, id=55038043): is_file, is_inode_meta_mod, is_modified
DEBUG: 18/03/24 00:50:52         pid:24159 module:fsevents queue_event <FileModifiedEvent: event_type=modified, src_path='/Users/eswarpriya/gitprojects/chatbot/app/templates/index.html', is_directory=False>
DEBUG: 18/03/24 00:50:52         pid:24159 module:fsevents NativeEvent(path="/Users/eswarpriya/gitprojects/chatbot/app/templates/index.html", inode=31729539, flags=11400, id=55038046): is_file, is_inode_meta_mod, is_modified
DEBUG: 18/03/24 00:50:52         pid:24159 module:fsevents queue_event <FileModifiedEvent: event_type=modified, src_path='/Users/eswarpriya/gitprojects/chatbot/app/templates/index.html', is_directory=False>
DEBUG: 18/03/24 00:51:00         pid:24159 module:fsevents NativeEvent(path="/Users/eswarpriya/gitprojects/chatbot/app/main.py", inode=31725040, flags=10400, id=55038115): is_file, is_inode_meta_mod
DEBUG: 18/03/24 00:51:00         pid:24159 module:fsevents queue_event <FileModifiedEvent: event_type=modified, src_path='/Users/eswarpriya/gitprojects/chatbot/app/main.py', is_directory=False>
INFO: 18/03/24 00:51:00         pid:24159 module:_internal  * Detected change in '/Users/eswarpriya/gitprojects/chatbot/app/main.py', reloading
DEBUG: 18/03/24 00:51:00         pid:24159 module:fsevents NativeEvent(path="/Users/eswarpriya/gitprojects/chatbot/app/main.py", inode=31725040, flags=11400, id=55038118): is_file, is_inode_meta_mod, is_modified
DEBUG: 18/03/24 00:51:00         pid:24159 module:fsevents queue_event <FileModifiedEvent: event_type=modified, src_path='/Users/eswarpriya/gitprojects/chatbot/app/main.py', is_directory=False>
INFO: 18/03/24 00:51:00         pid:24159 module:_internal  * Detected change in '/Users/eswarpriya/gitprojects/chatbot/app/main.py', reloading
INFO: 18/03/24 00:51:01         pid:24156 module:_internal  * Restarting with watchdog (fsevents)
WARNING: 18/03/24 00:51:01         pid:24183 module:_internal  * Debugger is active!
INFO: 18/03/24 00:51:01         pid:24183 module:_internal  * Debugger PIN: 127-166-891
INFO: 18/03/24 00:51:12         pid:24183 module:_internal 127.0.0.1 - - [18/Mar/2024 00:51:12] "GET / HTTP/1.1" 200 -
INFO: 18/03/24 00:54:25         pid:24183 module:_internal 127.0.0.1 - - [18/Mar/2024 00:54:25] "[33mGET /static/images/JZL02953.JPG HTTP/1.1[0m" 404 -
INFO: 18/03/24 00:54:32         pid:24183 module:_internal 127.0.0.1 - - [18/Mar/2024 00:54:32] "[33mGET /static/images/ HTTP/1.1[0m" 404 -
INFO: 18/03/24 00:54:36         pid:24183 module:_internal 127.0.0.1 - - [18/Mar/2024 00:54:36] "[33mGET /static/ HTTP/1.1[0m" 404 -
DEBUG: 18/03/24 00:55:01         pid:24183 module:fsevents NativeEvent(path="/Users/eswarpriya/gitprojects/chatbot/app/templates/index.html", inode=31729539, flags=10400, id=55040010): is_file, is_inode_meta_mod
DEBUG: 18/03/24 00:55:01         pid:24183 module:fsevents queue_event <FileModifiedEvent: event_type=modified, src_path='/Users/eswarpriya/gitprojects/chatbot/app/templates/index.html', is_directory=False>
DEBUG: 18/03/24 00:55:01         pid:24183 module:fsevents NativeEvent(path="/Users/eswarpriya/gitprojects/chatbot/app/templates/index.html", inode=31729539, flags=11400, id=55040013): is_file, is_inode_meta_mod, is_modified
DEBUG: 18/03/24 00:55:01         pid:24183 module:fsevents queue_event <FileModifiedEvent: event_type=modified, src_path='/Users/eswarpriya/gitprojects/chatbot/app/templates/index.html', is_directory=False>
DEBUG: 18/03/24 00:55:01         pid:24183 module:fsevents NativeEvent(path="/Users/eswarpriya/gitprojects/chatbot/app/templates/index.html", inode=31729539, flags=11400, id=55040035): is_file, is_inode_meta_mod, is_modified
DEBUG: 18/03/24 00:55:01         pid:24183 module:fsevents queue_event <FileModifiedEvent: event_type=modified, src_path='/Users/eswarpriya/gitprojects/chatbot/app/templates/index.html', is_directory=False>
DEBUG: 18/03/24 00:55:01         pid:24183 module:fsevents NativeEvent(path="/Users/eswarpriya/gitprojects/chatbot/app/templates/index.html", inode=31729539, flags=11400, id=55040038): is_file, is_inode_meta_mod, is_modified
DEBUG: 18/03/24 00:55:01         pid:24183 module:fsevents queue_event <FileModifiedEvent: event_type=modified, src_path='/Users/eswarpriya/gitprojects/chatbot/app/templates/index.html', is_directory=False>
DEBUG: 18/03/24 00:55:20         pid:24183 module:fsevents NativeEvent(path="/Users/eswarpriya/gitprojects/chatbot/app/templates/index.html", inode=31729539, flags=10400, id=55040151): is_file, is_inode_meta_mod
DEBUG: 18/03/24 00:55:20         pid:24183 module:fsevents queue_event <FileModifiedEvent: event_type=modified, src_path='/Users/eswarpriya/gitprojects/chatbot/app/templates/index.html', is_directory=False>
DEBUG: 18/03/24 00:55:20         pid:24183 module:fsevents NativeEvent(path="/Users/eswarpriya/gitprojects/chatbot/app/templates/index.html", inode=31729539, flags=11400, id=55040154): is_file, is_inode_meta_mod, is_modified
DEBUG: 18/03/24 00:55:20         pid:24183 module:fsevents queue_event <FileModifiedEvent: event_type=modified, src_path='/Users/eswarpriya/gitprojects/chatbot/app/templates/index.html', is_directory=False>
DEBUG: 18/03/24 00:55:21         pid:24183 module:fsevents NativeEvent(path="/Users/eswarpriya/gitprojects/chatbot/app/templates/index.html", inode=31729539, flags=11400, id=55040187): is_file, is_inode_meta_mod, is_modified
DEBUG: 18/03/24 00:55:21         pid:24183 module:fsevents queue_event <FileModifiedEvent: event_type=modified, src_path='/Users/eswarpriya/gitprojects/chatbot/app/templates/index.html', is_directory=False>
DEBUG: 18/03/24 00:55:21         pid:24183 module:fsevents NativeEvent(path="/Users/eswarpriya/gitprojects/chatbot/app/templates/index.html", inode=31729539, flags=11400, id=55040190): is_file, is_inode_meta_mod, is_modified
DEBUG: 18/03/24 00:55:21         pid:24183 module:fsevents queue_event <FileModifiedEvent: event_type=modified, src_path='/Users/eswarpriya/gitprojects/chatbot/app/templates/index.html', is_directory=False>
DEBUG: 18/03/24 00:55:21         pid:24183 module:fsevents NativeEvent(path="/Users/eswarpriya/gitprojects/chatbot/app/templates/index.html", inode=31729539, flags=11400, id=55040193): is_file, is_inode_meta_mod, is_modified
DEBUG: 18/03/24 00:55:21         pid:24183 module:fsevents queue_event <FileModifiedEvent: event_type=modified, src_path='/Users/eswarpriya/gitprojects/chatbot/app/templates/index.html', is_directory=False>
DEBUG: 18/03/24 00:55:21         pid:24183 module:fsevents NativeEvent(path="/Users/eswarpriya/gitprojects/chatbot/app/templates/index.html", inode=31729539, flags=11400, id=55040196): is_file, is_inode_meta_mod, is_modified
DEBUG: 18/03/24 00:55:21         pid:24183 module:fsevents queue_event <FileModifiedEvent: event_type=modified, src_path='/Users/eswarpriya/gitprojects/chatbot/app/templates/index.html', is_directory=False>
INFO: 18/03/24 00:55:25         pid:24183 module:_internal 127.0.0.1 - - [18/Mar/2024 00:55:25] "[33mGET /static/ HTTP/1.1[0m" 404 -
INFO: 18/03/24 00:55:27         pid:24183 module:_internal 127.0.0.1 - - [18/Mar/2024 00:55:27] "[33mGET /static/ HTTP/1.1[0m" 404 -
INFO: 18/03/24 00:55:32         pid:24183 module:_internal 127.0.0.1 - - [18/Mar/2024 00:55:32] "GET / HTTP/1.1" 200 -
INFO: 18/03/24 00:55:32         pid:24183 module:_internal 127.0.0.1 - - [18/Mar/2024 00:55:32] "[33mGET /images/JZL02953.JPG HTTP/1.1[0m" 404 -
DEBUG: 18/03/24 01:00:41         pid:24183 module:fsevents NativeEvent(path="/Users/eswarpriya/gitprojects/chatbot/app/main.py", inode=31725040, flags=10400, id=55042803): is_file, is_inode_meta_mod
DEBUG: 18/03/24 01:00:41         pid:24183 module:fsevents queue_event <FileModifiedEvent: event_type=modified, src_path='/Users/eswarpriya/gitprojects/chatbot/app/main.py', is_directory=False>
INFO: 18/03/24 01:00:41         pid:24183 module:_internal  * Detected change in '/Users/eswarpriya/gitprojects/chatbot/app/main.py', reloading
DEBUG: 18/03/24 01:00:41         pid:24183 module:fsevents NativeEvent(path="/Users/eswarpriya/gitprojects/chatbot/app/main.py", inode=31725040, flags=11400, id=55042814): is_file, is_inode_meta_mod, is_modified
DEBUG: 18/03/24 01:00:41         pid:24183 module:fsevents queue_event <FileModifiedEvent: event_type=modified, src_path='/Users/eswarpriya/gitprojects/chatbot/app/main.py', is_directory=False>
INFO: 18/03/24 01:00:41         pid:24183 module:_internal  * Detected change in '/Users/eswarpriya/gitprojects/chatbot/app/main.py', reloading
INFO: 18/03/24 01:00:42         pid:24156 module:_internal  * Restarting with watchdog (fsevents)
WARNING: 18/03/24 01:00:42         pid:24229 module:_internal  * Debugger is active!
INFO: 18/03/24 01:00:42         pid:24229 module:_internal  * Debugger PIN: 127-166-891
DEBUG: 18/03/24 01:01:04         pid:24229 module:fsevents NativeEvent(path="/Users/eswarpriya/gitprojects/chatbot/app/templates/index.html", inode=31729539, flags=10400, id=55043111): is_file, is_inode_meta_mod
DEBUG: 18/03/24 01:01:04         pid:24229 module:fsevents queue_event <FileModifiedEvent: event_type=modified, src_path='/Users/eswarpriya/gitprojects/chatbot/app/templates/index.html', is_directory=False>
DEBUG: 18/03/24 01:01:04         pid:24229 module:fsevents NativeEvent(path="/Users/eswarpriya/gitprojects/chatbot/app/templates/index.html", inode=31729539, flags=11400, id=55043114): is_file, is_inode_meta_mod, is_modified
DEBUG: 18/03/24 01:01:04         pid:24229 module:fsevents queue_event <FileModifiedEvent: event_type=modified, src_path='/Users/eswarpriya/gitprojects/chatbot/app/templates/index.html', is_directory=False>
WARNING: 18/03/24 01:01:13         pid:24326 module:_internal  * Running on all addresses.
   WARNING: This is a development server. Do not use it in a production deployment.
INFO: 18/03/24 01:01:13         pid:24326 module:_internal  * Running on http://192.168.1.12:3000/ (Press CTRL+C to quit)
INFO: 18/03/24 01:01:13         pid:24326 module:_internal  * Restarting with watchdog (fsevents)
WARNING: 18/03/24 01:01:14         pid:24329 module:_internal  * Debugger is active!
INFO: 18/03/24 01:01:14         pid:24329 module:_internal  * Debugger PIN: 127-166-891
INFO: 18/03/24 01:01:22         pid:24329 module:_internal 127.0.0.1 - - [18/Mar/2024 01:01:22] "GET / HTTP/1.1" 200 -
INFO: 18/03/24 01:01:22         pid:24329 module:_internal 127.0.0.1 - - [18/Mar/2024 01:01:22] "[33mGET /background_image.jpg HTTP/1.1[0m" 404 -
INFO: 18/03/24 01:01:27         pid:24329 module:_internal 127.0.0.1 - - [18/Mar/2024 01:01:27] "[35m[1mPOST /send_message HTTP/1.1[0m" 204 -
INFO: 18/03/24 01:01:29         pid:24329 module:_internal 127.0.0.1 - - [18/Mar/2024 01:01:29] "[35m[1mPOST /send_message HTTP/1.1[0m" 204 -
INFO: 18/03/24 01:01:31         pid:24329 module:_internal 127.0.0.1 - - [18/Mar/2024 01:01:31] "[35m[1mPOST /send_message HTTP/1.1[0m" 204 -
DEBUG: 18/03/24 01:02:26         pid:24329 module:fsevents NativeEvent(path="/Users/eswarpriya/gitprojects/chatbot/app/templates/index.html", inode=31729539, flags=10400, id=55044187): is_file, is_inode_meta_mod
DEBUG: 18/03/24 01:02:26         pid:24329 module:fsevents queue_event <FileModifiedEvent: event_type=modified, src_path='/Users/eswarpriya/gitprojects/chatbot/app/templates/index.html', is_directory=False>
DEBUG: 18/03/24 01:02:26         pid:24329 module:fsevents NativeEvent(path="/Users/eswarpriya/gitprojects/chatbot/app/templates/index.html", inode=31729539, flags=11400, id=55044193): is_file, is_inode_meta_mod, is_modified
DEBUG: 18/03/24 01:02:26         pid:24329 module:fsevents queue_event <FileModifiedEvent: event_type=modified, src_path='/Users/eswarpriya/gitprojects/chatbot/app/templates/index.html', is_directory=False>
DEBUG: 18/03/24 01:02:30         pid:24329 module:fsevents NativeEvent(path="/Users/eswarpriya/gitprojects/chatbot/app/main.py", inode=31725040, flags=10400, id=55044244): is_file, is_inode_meta_mod
DEBUG: 18/03/24 01:02:30         pid:24329 module:fsevents queue_event <FileModifiedEvent: event_type=modified, src_path='/Users/eswarpriya/gitprojects/chatbot/app/main.py', is_directory=False>
INFO: 18/03/24 01:02:30         pid:24329 module:_internal  * Detected change in '/Users/eswarpriya/gitprojects/chatbot/app/main.py', reloading
DEBUG: 18/03/24 01:02:30         pid:24329 module:fsevents NativeEvent(path="/Users/eswarpriya/gitprojects/chatbot/app/main.py", inode=31725040, flags=11400, id=55044247): is_file, is_inode_meta_mod, is_modified
DEBUG: 18/03/24 01:02:30         pid:24329 module:fsevents queue_event <FileModifiedEvent: event_type=modified, src_path='/Users/eswarpriya/gitprojects/chatbot/app/main.py', is_directory=False>
INFO: 18/03/24 01:02:30         pid:24329 module:_internal  * Detected change in '/Users/eswarpriya/gitprojects/chatbot/app/main.py', reloading
INFO: 18/03/24 01:02:31         pid:24326 module:_internal  * Restarting with watchdog (fsevents)
WARNING: 18/03/24 01:02:31         pid:24349 module:_internal  * Debugger is active!
INFO: 18/03/24 01:02:31         pid:24349 module:_internal  * Debugger PIN: 127-166-891
DEBUG: 18/03/24 01:03:56         pid:24349 module:fsevents NativeEvent(path="/Users/eswarpriya/gitprojects/chatbot/app/templates/index.html", inode=31729539, flags=10400, id=55045341): is_file, is_inode_meta_mod
DEBUG: 18/03/24 01:03:56         pid:24349 module:fsevents queue_event <FileModifiedEvent: event_type=modified, src_path='/Users/eswarpriya/gitprojects/chatbot/app/templates/index.html', is_directory=False>
DEBUG: 18/03/24 01:03:56         pid:24349 module:fsevents NativeEvent(path="/Users/eswarpriya/gitprojects/chatbot/app/templates/index.html", inode=31729539, flags=11400, id=55045344): is_file, is_inode_meta_mod, is_modified
DEBUG: 18/03/24 01:03:56         pid:24349 module:fsevents queue_event <FileModifiedEvent: event_type=modified, src_path='/Users/eswarpriya/gitprojects/chatbot/app/templates/index.html', is_directory=False>
DEBUG: 18/03/24 01:03:56         pid:24349 module:fsevents NativeEvent(path="/Users/eswarpriya/gitprojects/chatbot/app/templates/index.html", inode=31729539, flags=11400, id=55045366): is_file, is_inode_meta_mod, is_modified
DEBUG: 18/03/24 01:03:56         pid:24349 module:fsevents queue_event <FileModifiedEvent: event_type=modified, src_path='/Users/eswarpriya/gitprojects/chatbot/app/templates/index.html', is_directory=False>
DEBUG: 18/03/24 01:03:56         pid:24349 module:fsevents NativeEvent(path="/Users/eswarpriya/gitprojects/chatbot/app/templates/index.html", inode=31729539, flags=11400, id=55045369): is_file, is_inode_meta_mod, is_modified
DEBUG: 18/03/24 01:03:56         pid:24349 module:fsevents queue_event <FileModifiedEvent: event_type=modified, src_path='/Users/eswarpriya/gitprojects/chatbot/app/templates/index.html', is_directory=False>
DEBUG: 18/03/24 01:03:57         pid:24349 module:fsevents NativeEvent(path="/Users/eswarpriya/gitprojects/chatbot/app/templates/index.html", inode=31729539, flags=11400, id=55045383): is_file, is_inode_meta_mod, is_modified
DEBUG: 18/03/24 01:03:57         pid:24349 module:fsevents queue_event <FileModifiedEvent: event_type=modified, src_path='/Users/eswarpriya/gitprojects/chatbot/app/templates/index.html', is_directory=False>
DEBUG: 18/03/24 01:03:57         pid:24349 module:fsevents NativeEvent(path="/Users/eswarpriya/gitprojects/chatbot/app/templates/index.html", inode=31729539, flags=11400, id=55045386): is_file, is_inode_meta_mod, is_modified
DEBUG: 18/03/24 01:03:57         pid:24349 module:fsevents queue_event <FileModifiedEvent: event_type=modified, src_path='/Users/eswarpriya/gitprojects/chatbot/app/templates/index.html', is_directory=False>
DEBUG: 18/03/24 01:04:10         pid:24349 module:fsevents NativeEvent(path="/Users/eswarpriya/gitprojects/chatbot/app/main.py", inode=31725040, flags=10400, id=55045575): is_file, is_inode_meta_mod
DEBUG: 18/03/24 01:04:10         pid:24349 module:fsevents queue_event <FileModifiedEvent: event_type=modified, src_path='/Users/eswarpriya/gitprojects/chatbot/app/main.py', is_directory=False>
INFO: 18/03/24 01:04:10         pid:24349 module:_internal  * Detected change in '/Users/eswarpriya/gitprojects/chatbot/app/main.py', reloading
DEBUG: 18/03/24 01:04:10         pid:24349 module:fsevents NativeEvent(path="/Users/eswarpriya/gitprojects/chatbot/app/main.py", inode=31725040, flags=11400, id=55045578): is_file, is_inode_meta_mod, is_modified
DEBUG: 18/03/24 01:04:10         pid:24349 module:fsevents queue_event <FileModifiedEvent: event_type=modified, src_path='/Users/eswarpriya/gitprojects/chatbot/app/main.py', is_directory=False>
INFO: 18/03/24 01:04:10         pid:24349 module:_internal  * Detected change in '/Users/eswarpriya/gitprojects/chatbot/app/main.py', reloading
DEBUG: 18/03/24 01:04:10         pid:24349 module:fsevents NativeEvent(path="/Users/eswarpriya/gitprojects/chatbot/app/main.py", inode=31725040, flags=11400, id=55045611): is_file, is_inode_meta_mod, is_modified
DEBUG: 18/03/24 01:04:10         pid:24349 module:fsevents queue_event <FileModifiedEvent: event_type=modified, src_path='/Users/eswarpriya/gitprojects/chatbot/app/main.py', is_directory=False>
INFO: 18/03/24 01:04:10         pid:24349 module:_internal  * Detected change in '/Users/eswarpriya/gitprojects/chatbot/app/main.py', reloading
DEBUG: 18/03/24 01:04:10         pid:24349 module:fsevents NativeEvent(path="/Users/eswarpriya/gitprojects/chatbot/app/main.py", inode=31725040, flags=11400, id=55045614): is_file, is_inode_meta_mod, is_modified
DEBUG: 18/03/24 01:04:10         pid:24349 module:fsevents queue_event <FileModifiedEvent: event_type=modified, src_path='/Users/eswarpriya/gitprojects/chatbot/app/main.py', is_directory=False>
INFO: 18/03/24 01:04:10         pid:24349 module:_internal  * Detected change in '/Users/eswarpriya/gitprojects/chatbot/app/main.py', reloading
DEBUG: 18/03/24 01:04:10         pid:24349 module:fsevents NativeEvent(path="/Users/eswarpriya/gitprojects/chatbot/app/main.py", inode=31725040, flags=11400, id=55045617): is_file, is_inode_meta_mod, is_modified
DEBUG: 18/03/24 01:04:10         pid:24349 module:fsevents queue_event <FileModifiedEvent: event_type=modified, src_path='/Users/eswarpriya/gitprojects/chatbot/app/main.py', is_directory=False>
INFO: 18/03/24 01:04:10         pid:24349 module:_internal  * Detected change in '/Users/eswarpriya/gitprojects/chatbot/app/main.py', reloading
DEBUG: 18/03/24 01:04:10         pid:24349 module:fsevents NativeEvent(path="/Users/eswarpriya/gitprojects/chatbot/app/main.py", inode=31725040, flags=11400, id=55045620): is_file, is_inode_meta_mod, is_modified
DEBUG: 18/03/24 01:04:10         pid:24349 module:fsevents queue_event <FileModifiedEvent: event_type=modified, src_path='/Users/eswarpriya/gitprojects/chatbot/app/main.py', is_directory=False>
INFO: 18/03/24 01:04:10         pid:24349 module:_internal  * Detected change in '/Users/eswarpriya/gitprojects/chatbot/app/main.py', reloading
DEBUG: 18/03/24 01:04:11         pid:24349 module:fsevents NativeEvent(path="/Users/eswarpriya/gitprojects/chatbot/app/main.py", inode=31725040, flags=11400, id=55045623): is_file, is_inode_meta_mod, is_modified
DEBUG: 18/03/24 01:04:11         pid:24349 module:fsevents queue_event <FileModifiedEvent: event_type=modified, src_path='/Users/eswarpriya/gitprojects/chatbot/app/main.py', is_directory=False>
INFO: 18/03/24 01:04:11         pid:24349 module:_internal  * Detected change in '/Users/eswarpriya/gitprojects/chatbot/app/main.py', reloading
DEBUG: 18/03/24 01:04:11         pid:24349 module:fsevents NativeEvent(path="/Users/eswarpriya/gitprojects/chatbot/app/main.py", inode=31725040, flags=11400, id=55045626): is_file, is_inode_meta_mod, is_modified
DEBUG: 18/03/24 01:04:11         pid:24349 module:fsevents queue_event <FileModifiedEvent: event_type=modified, src_path='/Users/eswarpriya/gitprojects/chatbot/app/main.py', is_directory=False>
INFO: 18/03/24 01:04:11         pid:24349 module:_internal  * Detected change in '/Users/eswarpriya/gitprojects/chatbot/app/main.py', reloading
INFO: 18/03/24 01:04:12         pid:24326 module:_internal  * Restarting with watchdog (fsevents)
WARNING: 18/03/24 01:04:12         pid:24363 module:_internal  * Debugger is active!
INFO: 18/03/24 01:04:12         pid:24363 module:_internal  * Debugger PIN: 127-166-891
DEBUG: 18/03/24 01:04:23         pid:24363 module:fsevents NativeEvent(path="/Users/eswarpriya/gitprojects/chatbot/app/main.py", inode=31725040, flags=11400, id=55045790): is_file, is_inode_meta_mod, is_modified
DEBUG: 18/03/24 01:04:23         pid:24363 module:fsevents queue_event <FileModifiedEvent: event_type=modified, src_path='/Users/eswarpriya/gitprojects/chatbot/app/main.py', is_directory=False>
INFO: 18/03/24 01:04:23         pid:24363 module:_internal  * Detected change in '/Users/eswarpriya/gitprojects/chatbot/app/main.py', reloading
DEBUG: 18/03/24 01:04:23         pid:24363 module:fsevents NativeEvent(path="/Users/eswarpriya/gitprojects/chatbot/app/main.py", inode=31725040, flags=11400, id=55045793): is_file, is_inode_meta_mod, is_modified
DEBUG: 18/03/24 01:04:23         pid:24363 module:fsevents queue_event <FileModifiedEvent: event_type=modified, src_path='/Users/eswarpriya/gitprojects/chatbot/app/main.py', is_directory=False>
INFO: 18/03/24 01:04:23         pid:24363 module:_internal  * Detected change in '/Users/eswarpriya/gitprojects/chatbot/app/main.py', reloading
DEBUG: 18/03/24 01:04:24         pid:24363 module:fsevents NativeEvent(path="/Users/eswarpriya/gitprojects/chatbot/app/main.py", inode=31725040, flags=11400, id=55045815): is_file, is_inode_meta_mod, is_modified
DEBUG: 18/03/24 01:04:24         pid:24363 module:fsevents queue_event <FileModifiedEvent: event_type=modified, src_path='/Users/eswarpriya/gitprojects/chatbot/app/main.py', is_directory=False>
INFO: 18/03/24 01:04:24         pid:24363 module:_internal  * Detected change in '/Users/eswarpriya/gitprojects/chatbot/app/main.py', reloading
DEBUG: 18/03/24 01:04:24         pid:24363 module:fsevents NativeEvent(path="/Users/eswarpriya/gitprojects/chatbot/app/main.py", inode=31725040, flags=11400, id=55045818): is_file, is_inode_meta_mod, is_modified
DEBUG: 18/03/24 01:04:24         pid:24363 module:fsevents queue_event <FileModifiedEvent: event_type=modified, src_path='/Users/eswarpriya/gitprojects/chatbot/app/main.py', is_directory=False>
INFO: 18/03/24 01:04:24         pid:24363 module:_internal  * Detected change in '/Users/eswarpriya/gitprojects/chatbot/app/main.py', reloading
INFO: 18/03/24 01:04:25         pid:24326 module:_internal  * Restarting with watchdog (fsevents)
INFO: 18/03/24 01:04:26         pid:24326 module:_internal  * Restarting with watchdog (fsevents)
INFO: 18/03/24 01:09:51         pid:24326 module:_internal  * Restarting with watchdog (fsevents)
INFO: 18/03/24 01:10:18         pid:24326 module:_internal  * Restarting with watchdog (fsevents)
INFO: 18/03/24 01:10:28         pid:24326 module:_internal  * Restarting with watchdog (fsevents)
INFO: 18/03/24 01:11:44         pid:24326 module:_internal  * Restarting with watchdog (fsevents)
INFO: 18/03/24 01:14:10         pid:24326 module:_internal  * Restarting with watchdog (fsevents)
INFO: 18/03/24 01:14:11         pid:24326 module:_internal  * Restarting with watchdog (fsevents)
INFO: 18/03/24 01:23:21         pid:24326 module:_internal  * Restarting with watchdog (fsevents)
